<?xml version="1.0" encoding="UTF-8"?>
<!-- Generated by org.testng.reporters.JUnitXMLReporter -->
<testsuite hostname="192.168.1.5" ignored="0" name="Test" tests="3" failures="0" timestamp="12 Dec 2021 02:18:13 GMT" time="0.121" errors="0">
  <testcase name="@BeforeMethod launchDriver" time="0.092" classname="com.AutomationTalks.demoProject1.TestClass1">
    <failure type="java.lang.IllegalStateException" message="The driver executable does not exist: /Users/adonisgeraldez/Downloads/chromedriver.exe">
      <![CDATA[java.lang.IllegalStateException: The driver executable does not exist: /Users/adonisgeraldez/Downloads/chromedriver.exe
at com.google.common.base.Preconditions.checkState(Preconditions.java:518)
at org.openqa.selenium.remote.service.DriverService.checkExecutable(DriverService.java:136)
at org.openqa.selenium.remote.service.DriverService.findExecutable(DriverService.java:131)
at org.openqa.selenium.chrome.ChromeDriverService.access$000(ChromeDriverService.java:32)
at org.openqa.selenium.chrome.ChromeDriverService$Builder.findDefaultExecutable(ChromeDriverService.java:137)
at org.openqa.selenium.remote.service.DriverService$Builder.build(DriverService.java:330)
at org.openqa.selenium.chrome.ChromeDriverService.createDefaultService(ChromeDriverService.java:88)
at org.openqa.selenium.chrome.ChromeDriver.<init>(ChromeDriver.java:124)
at com.AutomationTalks.demoProject1.TestClass1.launchDriver(TestClass1.java:18)
... Removed 31 stack frames]]>
    </failure>
  </testcase> <!-- @BeforeMethod launchDriver -->
  <testcase name="@AfterMethod quit" time="0.0" classname="com.AutomationTalks.demoProject1.TestClass1">
    <skipped/>
  </testcase> <!-- @AfterMethod quit -->
  <testcase name="@BeforeMethod launchDriver" time="0.0" classname="com.AutomationTalks.demoProject1.TestClass1">
    <skipped/>
  </testcase> <!-- @BeforeMethod launchDriver -->
  <testcase name="@AfterMethod quit" time="0.0" classname="com.AutomationTalks.demoProject1.TestClass1">
    <skipped/>
  </testcase> <!-- @AfterMethod quit -->
  <testcase name="@BeforeMethod launchDriver" time="0.0" classname="com.AutomationTalks.demoProject1.TestClass1">
    <skipped/>
  </testcase> <!-- @BeforeMethod launchDriver -->
  <testcase name="@AfterMethod quit" time="0.0" classname="com.AutomationTalks.demoProject1.TestClass1">
    <skipped/>
  </testcase> <!-- @AfterMethod quit -->
  <testcase name="Test1" time="0.0" classname="com.AutomationTalks.demoProject1.TestClass1">
    <skipped/>
  </testcase> <!-- Test1 -->
  <testcase name="Test2" time="0.0" classname="com.AutomationTalks.demoProject1.TestClass1">
    <skipped/>
  </testcase> <!-- Test2 -->
  <testcase name="Test3" time="0.0" classname="com.AutomationTalks.demoProject1.TestClass1">
    <skipped/>
  </testcase> <!-- Test3 -->
</testsuite> <!-- Test -->
